<?xml version="1.0" encoding="UTF-8"?>
<!-- Generated by org.testng.reporters.JUnitReportReporter -->
<testsuite skipped="0" hostname="Rajitha" name="SamplePackage.UrlLaunching" tests="1" failures="0" timestamp="30 Jan 2018 09:28:24 GMT" time="13.318" errors="0">
  <testcase name="GoogleLaunch" time="13.318" classname="SamplePackage.UrlLaunching"/>
</testsuite> <!-- SamplePackage.UrlLaunching -->
